<?xml version="1.0" encoding="UTF-8"?>
<!-- Generated by org.testng.reporters.JUnitXMLReporter -->
<testsuite ignored="0" hostname="DESKTOP-8CTCSTI" failures="1" tests="2" name="CrossBrowserTest" time="72.548" errors="0" timestamp="2022-03-17T10:36:54 IST">
  <testcase classname="com.mystore.testcases.LoginPageTest" name="loginTest" time="25.82"/>
  <testcase classname="com.mystore.testcases.LoginPageTest" name="loginTest" time="21.821">
    <failure type="java.lang.AssertionError" message="test case sucssesfully passed expected [true] but found [false]">
      <![CDATA[java.lang.AssertionError: test case sucssesfully passed expected [true] but found [false]
at com.mystore.testcases.LoginPageTest.loginTest(LoginPageTest.java:36)
at java.base/java.util.ArrayList.forEach(ArrayList.java:1541)
... Removed 30 stack frames]]>
    </failure>
  </testcase> <!-- loginTest -->
</testsuite> <!-- CrossBrowserTest -->
